[2021-05-25T14:53:42.687] [DEBUG] cheese - login => username:admin,password:123456
[2021-05-25T14:53:42.688] [DEBUG] cheese - admin
[2021-05-25T14:53:42.703] [DEBUG] cheese - null
[2021-05-25T14:53:42.703] [DEBUG] cheese - null
[2022-04-02T14:29:34.705] [DEBUG] cheese - login => username:admin,password:123456
[2022-04-02T14:29:34.706] [DEBUG] cheese - admin
[2022-04-02T14:29:34.723] [DEBUG] cheese - { inspect: [Function: inspect] }
[2022-04-02T14:29:34.725] [DEBUG] cheese - 查询失败
[2022-04-02T14:29:36.639] [DEBUG] cheese - login => username:admin,password:123456
[2022-04-02T14:29:36.639] [DEBUG] cheese - admin
[2022-04-02T14:29:36.641] [DEBUG] cheese - { inspect: [Function: inspect] }
[2022-04-02T14:29:36.641] [DEBUG] cheese - 查询失败
[2022-04-02T14:29:37.065] [DEBUG] cheese - login => username:admin,password:123456
[2022-04-02T14:29:37.066] [DEBUG] cheese - admin
[2022-04-02T14:29:37.067] [DEBUG] cheese - { inspect: [Function: inspect] }
[2022-04-02T14:29:37.067] [DEBUG] cheese - 查询失败
[2022-04-02T14:29:37.484] [DEBUG] cheese - login => username:admin,password:123456
[2022-04-02T14:29:37.484] [DEBUG] cheese - admin
[2022-04-02T14:29:37.487] [DEBUG] cheese - { inspect: [Function: inspect] }
[2022-04-02T14:29:37.487] [DEBUG] cheese - 查询失败
[2022-04-02T14:30:43.113] [DEBUG] cheese - login => username:admin,password:123456
[2022-04-02T14:30:43.113] [DEBUG] cheese - admin
[2022-04-02T14:30:43.130] [DEBUG] cheese - null
[2022-04-02T14:30:43.130] [DEBUG] cheese - null
[2022-04-02T14:32:26.550] [DEBUG] cheese - login => username:admin,password:123456
[2022-04-02T14:32:26.550] [DEBUG] cheese - admin
[2022-04-02T14:32:26.552] [DEBUG] cheese - null
[2022-04-02T14:32:26.552] [DEBUG] cheese - null
[2022-04-02T21:08:31.051] [DEBUG] cheese - login => username:admin,password:123456
[2022-04-02T21:08:31.052] [DEBUG] cheese - admin
[2022-04-02T21:08:31.066] [DEBUG] cheese - null
[2022-04-02T21:08:31.067] [DEBUG] cheese - null
[2022-04-02T22:10:45.056] [DEBUG] cheese - login => username:admin,password:123456
[2022-04-02T22:10:45.058] [DEBUG] cheese - admin
[2022-04-02T22:10:45.063] [DEBUG] cheese - null
[2022-04-02T22:10:45.064] [DEBUG] cheese - null
[2022-04-02T22:11:09.930] [DEBUG] cheese - login => username:admin,password:123456
[2022-04-02T22:11:09.930] [DEBUG] cheese - admin
[2022-04-02T22:11:09.932] [DEBUG] cheese - null
[2022-04-02T22:11:09.932] [DEBUG] cheese - null
[2022-04-02T22:11:24.612] [DEBUG] cheese - login => username:admin,password:123456
[2022-04-02T22:11:24.612] [DEBUG] cheese - admin
[2022-04-02T22:11:24.615] [DEBUG] cheese - null
[2022-04-02T22:11:24.615] [DEBUG] cheese - null
[2022-04-02T22:12:54.236] [DEBUG] cheese - login => username:admin,password:123456
[2022-04-02T22:12:54.237] [DEBUG] cheese - admin
[2022-04-02T22:12:54.238] [DEBUG] cheese - null
[2022-04-02T22:12:54.238] [DEBUG] cheese - null
[2022-04-02T22:17:12.013] [DEBUG] cheese - login => username:admin,password:123456
[2022-04-02T22:17:12.013] [DEBUG] cheese - admin
[2022-04-02T22:17:12.015] [DEBUG] cheese - null
[2022-04-02T22:17:12.015] [DEBUG] cheese - null
[2022-04-02T22:17:36.380] [DEBUG] cheese - login => username:admin,password:123456
[2022-04-02T22:17:36.380] [DEBUG] cheese - admin
[2022-04-02T22:17:36.383] [DEBUG] cheese - null
[2022-04-02T22:17:36.383] [DEBUG] cheese - null
[2022-04-02T22:48:22.657] [DEBUG] cheese - login => username:admin,password:123456
[2022-04-02T22:48:22.657] [DEBUG] cheese - admin
[2022-04-02T22:48:22.658] [DEBUG] cheese - null
[2022-04-02T22:48:22.659] [DEBUG] cheese - null
[2022-04-02T22:49:05.917] [DEBUG] cheese - login => username:admin,password:123456
[2022-04-02T22:49:05.917] [DEBUG] cheese - admin
[2022-04-02T22:49:05.920] [DEBUG] cheese - null
[2022-04-02T22:49:05.920] [DEBUG] cheese - null
[2022-04-02T22:49:33.140] [DEBUG] cheese - login => username:admin,password:123456
[2022-04-02T22:49:33.140] [DEBUG] cheese - admin
[2022-04-02T22:49:33.142] [DEBUG] cheese - null
[2022-04-02T22:49:33.142] [DEBUG] cheese - null
[2022-04-02T22:49:45.341] [DEBUG] cheese - login => username:admin,password:123456
[2022-04-02T22:49:45.341] [DEBUG] cheese - admin
[2022-04-02T22:49:45.344] [DEBUG] cheese - null
[2022-04-02T22:49:45.344] [DEBUG] cheese - null
[2022-04-02T22:50:44.933] [DEBUG] cheese - login => username:admin,password:123456
[2022-04-02T22:50:44.933] [DEBUG] cheese - admin
[2022-04-02T22:50:44.937] [DEBUG] cheese - null
[2022-04-02T22:50:44.937] [DEBUG] cheese - null
[2022-04-03T18:18:01.434] [DEBUG] cheese - login => username:admin,password:123456
[2022-04-03T18:18:01.435] [DEBUG] cheese - admin
[2022-04-03T18:18:01.452] [DEBUG] cheese - null
[2022-04-03T18:18:01.453] [DEBUG] cheese - null
[2022-04-03T18:33:55.066] [DEBUG] cheese - login => username:admin,password:123456
[2022-04-03T18:33:55.067] [DEBUG] cheese - admin
[2022-04-03T18:33:55.076] [DEBUG] cheese - null
[2022-04-03T18:33:55.077] [DEBUG] cheese - null
[2022-04-03T18:50:54.961] [DEBUG] cheese - login => username:admin,password:123456
[2022-04-03T18:50:54.962] [DEBUG] cheese - admin
[2022-04-03T18:50:54.965] [DEBUG] cheese - null
[2022-04-03T18:50:54.966] [DEBUG] cheese - null
[2022-04-03T18:51:18.534] [DEBUG] cheese - login => username:admin,password:123456
[2022-04-03T18:51:18.535] [DEBUG] cheese - admin
[2022-04-03T18:51:18.540] [DEBUG] cheese - null
[2022-04-03T18:51:18.541] [DEBUG] cheese - null
[2022-04-03T18:51:22.805] [DEBUG] cheese - login => username:admin,password:123456
[2022-04-03T18:51:22.805] [DEBUG] cheese - admin
[2022-04-03T18:51:22.810] [DEBUG] cheese - null
[2022-04-03T18:51:22.810] [DEBUG] cheese - null
[2022-04-03T18:55:14.620] [DEBUG] cheese - login => username:admin,password:123456
[2022-04-03T18:55:14.621] [DEBUG] cheese - admin
[2022-04-03T18:55:14.623] [DEBUG] cheese - null
[2022-04-03T18:55:14.623] [DEBUG] cheese - null
[2022-04-03T20:11:30.756] [DEBUG] cheese - login => username:admin,password:123456
[2022-04-03T20:11:30.757] [DEBUG] cheese - admin
[2022-04-03T20:11:30.766] [DEBUG] cheese - null
[2022-04-03T20:11:30.766] [DEBUG] cheese - null
[2022-04-03T20:32:07.316] [DEBUG] cheese - { inspect: [Function: inspect] }
[2022-04-03T20:32:16.036] [DEBUG] cheese - { inspect: [Function: inspect] }
[2022-04-03T20:44:07.131] [DEBUG] cheese - { inspect: [Function: inspect] }
[2022-04-03T21:06:31.072] [DEBUG] cheese - login => username:admin,password:123456
[2022-04-03T21:06:31.073] [DEBUG] cheese - admin
[2022-04-03T21:06:31.076] [DEBUG] cheese - null
[2022-04-03T21:06:31.076] [DEBUG] cheese - null
[2022-04-03T21:06:52.469] [DEBUG] cheese - { inspect: [Function: inspect] }
[2022-04-03T21:06:53.925] [DEBUG] cheese - { inspect: [Function: inspect] }
[2022-04-03T21:06:54.079] [DEBUG] cheese - { inspect: [Function: inspect] }
[2022-04-03T21:06:54.229] [DEBUG] cheese - { inspect: [Function: inspect] }
[2022-04-03T21:08:52.258] [DEBUG] cheese - { inspect: [Function: inspect] }
[2022-04-03T21:10:03.052] [DEBUG] cheese - { inspect: [Function: inspect] }
[2022-04-03T21:10:04.530] [DEBUG] cheese - { inspect: [Function: inspect] }
[2022-04-03T21:10:04.711] [DEBUG] cheese - { inspect: [Function: inspect] }
[2022-04-03T21:10:04.839] [DEBUG] cheese - { inspect: [Function: inspect] }
[2022-04-03T21:12:23.122] [DEBUG] cheese - null
[2022-04-03T21:17:24.196] [DEBUG] cheese - login => username:admin,password:123456
[2022-04-03T21:17:24.196] [DEBUG] cheese - admin
[2022-04-03T21:17:24.199] [DEBUG] cheese - null
[2022-04-03T21:17:24.199] [DEBUG] cheese - null
[2022-04-03T21:20:33.497] [DEBUG] cheese - null
[2022-04-03T21:39:19.539] [DEBUG] cheese - login => username:admin,password:123456
[2022-04-03T21:39:19.549] [DEBUG] cheese - admin
[2022-04-03T21:39:19.592] [DEBUG] cheese - null
[2022-04-03T21:39:19.593] [DEBUG] cheese - null
[2022-04-03T22:14:30.208] [DEBUG] cheese - login => username:admin,password:123456
[2022-04-03T22:14:30.238] [DEBUG] cheese - admin
[2022-04-03T22:14:30.245] [DEBUG] cheese - null
[2022-04-03T22:14:44.926] [DEBUG] cheese - login => username:admin,password:123456
[2022-04-03T22:14:44.927] [DEBUG] cheese - admin
[2022-04-03T22:14:44.937] [DEBUG] cheese - null
[2022-04-03T22:17:07.507] [DEBUG] cheese - login => username:admin,password:123456
[2022-04-03T22:17:07.510] [DEBUG] cheese - admin
[2022-04-03T22:17:07.522] [DEBUG] cheese - null
[2022-04-03T22:18:19.393] [DEBUG] cheese - login => username:admin,password:123456
[2022-04-03T22:18:19.396] [DEBUG] cheese - admin
[2022-04-03T22:18:19.406] [DEBUG] cheese - null
[2022-04-03T22:18:19.406] [DEBUG] cheese - null
[2022-04-03T22:18:26.052] [DEBUG] cheese - login => username:admin,password:123456
[2022-04-03T22:18:26.052] [DEBUG] cheese - admin
[2022-04-03T22:18:26.055] [DEBUG] cheese - null
[2022-04-03T22:18:26.055] [DEBUG] cheese - null
[2022-04-03T23:19:03.452] [DEBUG] cheese - login => username:admin,password:123456
[2022-04-03T23:19:03.458] [DEBUG] cheese - admin
[2022-04-03T23:19:03.476] [DEBUG] cheese - null
[2022-04-03T23:19:03.477] [DEBUG] cheese - null
[2022-04-04T14:30:22.554] [DEBUG] cheese - login => username:adm,password:123456
[2022-04-04T14:30:22.557] [DEBUG] cheese - adm
[2022-04-04T14:30:22.567] [DEBUG] cheese - null
[2022-04-04T14:30:22.567] [DEBUG] cheese - null
[2022-04-04T14:30:29.737] [DEBUG] cheese - login => username:admin,password:123456
[2022-04-04T14:30:29.737] [DEBUG] cheese - admin
[2022-04-04T14:30:29.742] [DEBUG] cheese - null
[2022-04-04T14:30:29.742] [DEBUG] cheese - null
[2022-04-04T14:44:31.990] [DEBUG] cheese - login => username:admin,password:123456
[2022-04-04T14:44:31.992] [DEBUG] cheese - admin
[2022-04-04T14:44:32.005] [DEBUG] cheese - null
[2022-04-04T14:44:32.005] [DEBUG] cheese - null
[2022-04-04T15:04:32.221] [DEBUG] cheese - login => username:admin,password:123456
[2022-04-04T15:04:32.222] [DEBUG] cheese - admin
[2022-04-04T15:04:32.232] [DEBUG] cheese - null
[2022-04-04T15:04:32.233] [DEBUG] cheese - null
[2022-04-04T18:26:12.148] [DEBUG] cheese - login => username:admin,password:123456
[2022-04-04T18:26:12.150] [DEBUG] cheese - admin
[2022-04-04T18:26:12.161] [DEBUG] cheese - null
[2022-04-04T18:26:12.161] [DEBUG] cheese - null
[2022-04-04T19:47:13.115] [DEBUG] cheese - login => username:admin,password:123456
[2022-04-04T19:47:13.115] [DEBUG] cheese - admin
[2022-04-04T19:47:13.117] [DEBUG] cheese - null
[2022-04-04T19:47:13.118] [DEBUG] cheese - null
[2022-04-04T19:51:14.424] [DEBUG] cheese - login => username:admin,password:123456
[2022-04-04T19:51:14.424] [DEBUG] cheese - admin
[2022-04-04T19:51:14.426] [DEBUG] cheese - null
[2022-04-04T19:51:14.426] [DEBUG] cheese - null
[2022-04-04T19:53:16.686] [DEBUG] cheese - login => username:admin,password:123456
[2022-04-04T19:53:16.687] [DEBUG] cheese - admin
[2022-04-04T19:53:16.688] [DEBUG] cheese - null
[2022-04-04T19:53:16.688] [DEBUG] cheese - null
[2022-04-04T20:01:46.897] [DEBUG] cheese - login => username:admin,password:123456
[2022-04-04T20:01:46.898] [DEBUG] cheese - admin
[2022-04-04T20:01:46.904] [DEBUG] cheese - null
[2022-04-04T20:01:46.904] [DEBUG] cheese - null
[2022-04-04T20:02:23.919] [DEBUG] cheese - login => username:admin,password:123456
[2022-04-04T20:02:23.920] [DEBUG] cheese - admin
[2022-04-04T20:02:23.929] [DEBUG] cheese - null
[2022-04-04T20:02:23.929] [DEBUG] cheese - null
[2022-04-04T20:04:04.271] [DEBUG] cheese - login => username:admin,password:123456
[2022-04-04T20:04:04.272] [DEBUG] cheese - admin
[2022-04-04T20:04:04.274] [DEBUG] cheese - null
[2022-04-04T20:04:04.274] [DEBUG] cheese - null
[2022-04-04T20:09:17.855] [DEBUG] cheese - login => username:admin,password:123456
[2022-04-04T20:09:17.855] [DEBUG] cheese - admin
[2022-04-04T20:09:17.857] [DEBUG] cheese - null
[2022-04-04T20:09:17.857] [DEBUG] cheese - null
[2022-04-04T20:38:18.270] [DEBUG] cheese - login => username:admin,password:123456
[2022-04-04T20:38:18.271] [DEBUG] cheese - admin
[2022-04-04T20:38:18.277] [DEBUG] cheese - null
[2022-04-04T20:38:18.277] [DEBUG] cheese - null
[2022-04-04T21:13:11.677] [DEBUG] cheese - login => username:admin,password:123456
[2022-04-04T21:13:11.679] [DEBUG] cheese - admin
[2022-04-04T21:13:11.690] [DEBUG] cheese - null
[2022-04-04T21:13:11.690] [DEBUG] cheese - null
[2022-04-04T21:18:17.389] [DEBUG] cheese - login => username:admin,password:123456
[2022-04-04T21:18:17.390] [DEBUG] cheese - admin
[2022-04-04T21:18:17.405] [DEBUG] cheese - null
[2022-04-04T21:18:17.406] [DEBUG] cheese - null
[2022-04-04T22:19:00.840] [DEBUG] cheese - login => username:admin,password:123456
[2022-04-04T22:19:00.842] [DEBUG] cheese - admin
[2022-04-04T22:19:00.852] [DEBUG] cheese - null
[2022-04-04T22:19:00.852] [DEBUG] cheese - null
[2022-04-04T23:49:52.665] [DEBUG] cheese - login => username:admin,password:123456
[2022-04-04T23:49:52.667] [DEBUG] cheese - admin
[2022-04-04T23:49:52.670] [DEBUG] cheese - null
[2022-04-04T23:49:52.671] [DEBUG] cheese - null
[2022-04-05T14:17:21.523] [DEBUG] cheese - login => username:admin,password:123456
[2022-04-05T14:17:21.524] [DEBUG] cheese - admin
[2022-04-05T14:17:21.538] [DEBUG] cheese - null
[2022-04-05T14:17:21.539] [DEBUG] cheese - null
[2022-04-05T14:19:23.764] [DEBUG] cheese - login => username:username,password:password
[2022-04-05T14:19:23.765] [DEBUG] cheese - username
[2022-04-05T14:19:23.768] [DEBUG] cheese - null
[2022-04-05T14:19:23.768] [DEBUG] cheese - null
[2022-04-05T14:19:28.161] [DEBUG] cheese - login => username:username,password:password
[2022-04-05T14:19:28.161] [DEBUG] cheese - username
[2022-04-05T14:19:28.163] [DEBUG] cheese - null
[2022-04-05T14:19:28.163] [DEBUG] cheese - null
[2022-04-05T14:20:19.271] [DEBUG] cheese - login => username:username,password:password
[2022-04-05T14:20:19.272] [DEBUG] cheese - username
[2022-04-05T14:20:19.275] [DEBUG] cheese - null
[2022-04-05T14:20:19.275] [DEBUG] cheese - null
[2022-04-05T14:20:28.432] [DEBUG] cheese - login => username:admin,password:123456
[2022-04-05T14:20:28.432] [DEBUG] cheese - admin
[2022-04-05T14:20:28.434] [DEBUG] cheese - null
[2022-04-05T14:20:28.434] [DEBUG] cheese - null
[2022-04-05T14:21:56.751] [DEBUG] cheese - login => username:admin,password:123456
[2022-04-05T14:21:56.753] [DEBUG] cheese - admin
[2022-04-05T14:21:56.767] [DEBUG] cheese - null
[2022-04-05T14:21:56.768] [DEBUG] cheese - null
[2022-04-05T14:22:05.610] [DEBUG] cheese - login => username:username,password:password
[2022-04-05T14:22:05.611] [DEBUG] cheese - username
[2022-04-05T14:22:05.614] [DEBUG] cheese - null
[2022-04-05T14:22:05.615] [DEBUG] cheese - null
[2022-04-05T14:22:33.403] [DEBUG] cheese - login => username:admin,password:123456
[2022-04-05T14:22:33.404] [DEBUG] cheese - admin
[2022-04-05T14:22:33.406] [DEBUG] cheese - null
[2022-04-05T14:22:33.406] [DEBUG] cheese - null
[2022-04-05T14:23:23.345] [DEBUG] cheese - login => username:username,password:pasworr
[2022-04-05T14:23:23.345] [DEBUG] cheese - username
[2022-04-05T14:23:23.348] [DEBUG] cheese - null
[2022-04-05T14:23:23.348] [DEBUG] cheese - null
[2022-04-05T14:23:29.159] [DEBUG] cheese - login => username:username,password:password
[2022-04-05T14:23:29.159] [DEBUG] cheese - username
[2022-04-05T14:23:29.162] [DEBUG] cheese - null
[2022-04-05T14:23:29.162] [DEBUG] cheese - null
[2022-04-05T14:26:01.173] [DEBUG] cheese - login => username:username,password:password
[2022-04-05T14:26:01.173] [DEBUG] cheese - username
[2022-04-05T14:26:01.176] [DEBUG] cheese - null
[2022-04-05T14:26:01.176] [DEBUG] cheese - null
[2022-04-05T14:30:13.479] [DEBUG] cheese - login => username:admin,password:123456
[2022-04-05T14:30:13.481] [DEBUG] cheese - admin
[2022-04-05T14:30:13.502] [DEBUG] cheese - null
[2022-04-05T14:30:13.503] [DEBUG] cheese - null
[2022-04-05T14:30:21.732] [DEBUG] cheese - login => username:admin,password:123456
[2022-04-05T14:30:21.733] [DEBUG] cheese - admin
[2022-04-05T14:30:21.737] [DEBUG] cheese - null
[2022-04-05T14:30:21.737] [DEBUG] cheese - null
[2022-04-05T14:44:42.000] [DEBUG] cheese - login => username:admin,password:123456
[2022-04-05T14:44:42.001] [DEBUG] cheese - admin
[2022-04-05T14:44:42.011] [DEBUG] cheese - null
[2022-04-05T14:44:42.011] [DEBUG] cheese - null
[2022-04-05T14:49:34.926] [DEBUG] cheese - login => username:admin,password:123456
[2022-04-05T14:49:34.927] [DEBUG] cheese - admin
[2022-04-05T14:49:34.940] [DEBUG] cheese - null
[2022-04-05T14:49:34.940] [DEBUG] cheese - null
[2022-04-05T16:50:47.984] [DEBUG] cheese - login => username:admin,password:123456
[2022-04-05T16:50:47.989] [DEBUG] cheese - admin
[2022-04-05T16:50:48.004] [DEBUG] cheese - null
[2022-04-05T16:50:48.005] [DEBUG] cheese - null
[2022-04-05T16:50:58.937] [DEBUG] cheese - login => username:admin,password:123456
[2022-04-05T16:50:58.938] [DEBUG] cheese - admin
[2022-04-05T16:50:58.942] [DEBUG] cheese - null
[2022-04-05T16:50:58.942] [DEBUG] cheese - null
[2022-04-05T16:51:06.928] [DEBUG] cheese - login => username:admin,password:123456
[2022-04-05T16:51:06.929] [DEBUG] cheese - admin
[2022-04-05T16:51:06.931] [DEBUG] cheese - null
[2022-04-05T16:51:06.932] [DEBUG] cheese - null
[2022-04-05T17:00:38.203] [DEBUG] cheese - login => username:admin,password:123456
[2022-04-05T17:00:38.204] [DEBUG] cheese - admin
[2022-04-05T17:00:38.207] [DEBUG] cheese - null
[2022-04-05T17:00:38.207] [DEBUG] cheese - null
[2022-04-05T17:34:31.441] [DEBUG] cheese - login => username:admind,password:123456
[2022-04-05T17:34:31.442] [DEBUG] cheese - admind
[2022-04-05T17:34:31.445] [DEBUG] cheese - null
[2022-04-05T17:34:31.446] [DEBUG] cheese - null
[2022-04-05T17:34:53.355] [DEBUG] cheese - login => username:admin,password:123456
[2022-04-05T17:34:53.355] [DEBUG] cheese - admin
[2022-04-05T17:34:53.357] [DEBUG] cheese - null
[2022-04-05T17:34:53.357] [DEBUG] cheese - null
[2022-04-05T19:07:32.695] [DEBUG] cheese - login => username:admin,password:123456
[2022-04-05T19:07:32.696] [DEBUG] cheese - admin
[2022-04-05T19:07:32.718] [DEBUG] cheese - null
[2022-04-05T19:07:32.719] [DEBUG] cheese - null
[2022-04-05T20:01:20.155] [DEBUG] cheese - login => username:admin,password:123456
[2022-04-05T20:01:20.156] [DEBUG] cheese - admin
[2022-04-05T20:01:20.161] [DEBUG] cheese - null
[2022-04-05T20:01:20.162] [DEBUG] cheese - null
[2022-04-05T20:25:21.626] [DEBUG] cheese - login => username:admin,password:123456
[2022-04-05T20:25:21.626] [DEBUG] cheese - admin
[2022-04-05T20:25:21.628] [DEBUG] cheese - null
[2022-04-05T20:25:21.628] [DEBUG] cheese - null
[2022-04-05T20:44:02.867] [DEBUG] cheese - login => username:admin,password:123456
[2022-04-05T20:44:02.868] [DEBUG] cheese - admin
[2022-04-05T20:44:02.877] [DEBUG] cheese - null
[2022-04-05T20:44:02.877] [DEBUG] cheese - null
[2022-04-05T21:04:54.614] [DEBUG] cheese - login => username:admin,password:123456
[2022-04-05T21:04:54.615] [DEBUG] cheese - admin
[2022-04-05T21:04:54.618] [DEBUG] cheese - null
[2022-04-05T21:04:54.618] [DEBUG] cheese - null
[2022-04-05T21:06:57.606] [DEBUG] cheese - login => username:admin,password:123456
[2022-04-05T21:06:57.606] [DEBUG] cheese - admin
[2022-04-05T21:06:57.610] [DEBUG] cheese - null
[2022-04-05T21:06:57.610] [DEBUG] cheese - null
[2022-04-05T21:14:54.549] [DEBUG] cheese - login => username:admin,password:123456
[2022-04-05T21:14:54.549] [DEBUG] cheese - admin
[2022-04-05T21:14:54.552] [DEBUG] cheese - null
[2022-04-05T21:14:54.553] [DEBUG] cheese - null
[2022-04-05T21:22:57.156] [DEBUG] cheese - login => username:admin,password:123456
[2022-04-05T21:22:57.156] [DEBUG] cheese - admin
[2022-04-05T21:22:57.158] [DEBUG] cheese - null
[2022-04-05T21:22:57.158] [DEBUG] cheese - null
[2022-04-05T21:29:56.484] [DEBUG] cheese - login => username:admin,password:123456
[2022-04-05T21:29:56.484] [DEBUG] cheese - admin
[2022-04-05T21:29:56.486] [DEBUG] cheese - null
[2022-04-05T21:29:56.486] [DEBUG] cheese - null
[2022-04-05T21:36:08.853] [DEBUG] cheese - login => username:admin,password:123456
[2022-04-05T21:36:08.853] [DEBUG] cheese - admin
[2022-04-05T21:36:08.855] [DEBUG] cheese - null
[2022-04-05T21:36:08.855] [DEBUG] cheese - null
[2022-04-05T21:39:06.312] [DEBUG] cheese - login => username:admin,password:123456
[2022-04-05T21:39:06.312] [DEBUG] cheese - admin
[2022-04-05T21:39:06.314] [DEBUG] cheese - null
[2022-04-05T21:39:06.314] [DEBUG] cheese - null
[2022-04-05T21:52:54.911] [DEBUG] cheese - login => username:admin,password:123456
[2022-04-05T21:52:54.911] [DEBUG] cheese - admin
[2022-04-05T21:52:54.915] [DEBUG] cheese - null
[2022-04-05T21:52:54.915] [DEBUG] cheese - null
[2022-04-05T21:59:09.920] [DEBUG] cheese - login => username:admin,password:123456
[2022-04-05T21:59:09.922] [DEBUG] cheese - admin
[2022-04-05T21:59:09.928] [DEBUG] cheese - null
[2022-04-05T21:59:09.928] [DEBUG] cheese - null
[2022-04-05T22:03:03.154] [DEBUG] cheese - login => username:admin,password:123456
[2022-04-05T22:03:03.155] [DEBUG] cheese - admin
[2022-04-05T22:03:03.159] [DEBUG] cheese - null
[2022-04-05T22:03:03.159] [DEBUG] cheese - null
[2022-04-05T22:17:21.169] [DEBUG] cheese - login => username:admin,password:123456
[2022-04-05T22:17:21.169] [DEBUG] cheese - admin
[2022-04-05T22:17:21.170] [DEBUG] cheese - null
[2022-04-05T22:17:21.171] [DEBUG] cheese - null
[2022-04-05T22:28:16.611] [DEBUG] cheese - login => username:admin,password:123456
[2022-04-05T22:28:16.612] [DEBUG] cheese - admin
[2022-04-05T22:28:16.624] [DEBUG] cheese - null
[2022-04-05T22:28:16.624] [DEBUG] cheese - null
[2022-04-05T23:31:18.708] [DEBUG] cheese - login => username:admin,password:123456
[2022-04-05T23:31:18.710] [DEBUG] cheese - admin
[2022-04-05T23:31:18.715] [DEBUG] cheese - null
[2022-04-05T23:31:18.715] [DEBUG] cheese - null
[2022-04-06T00:27:15.495] [DEBUG] cheese - login => username:admin,password:123456
[2022-04-06T00:27:15.496] [DEBUG] cheese - admin
[2022-04-06T00:27:15.501] [DEBUG] cheese - null
[2022-04-06T00:27:15.501] [DEBUG] cheese - null
[2022-04-06T00:38:59.547] [DEBUG] cheese - login => username:admin,password:123456
[2022-04-06T00:38:59.548] [DEBUG] cheese - admin
[2022-04-06T00:38:59.557] [DEBUG] cheese - null
[2022-04-06T00:38:59.557] [DEBUG] cheese - null
[2022-04-06T01:34:16.275] [DEBUG] cheese - login => username:admin,password:123456
[2022-04-06T01:34:16.276] [DEBUG] cheese - admin
[2022-04-06T01:34:16.280] [DEBUG] cheese - null
[2022-04-06T01:34:16.281] [DEBUG] cheese - null
[2022-04-06T01:35:40.620] [DEBUG] cheese - login => username:admin,password:123456
[2022-04-06T01:35:40.620] [DEBUG] cheese - admin
[2022-04-06T01:35:40.623] [DEBUG] cheese - null
[2022-04-06T01:35:40.623] [DEBUG] cheese - null
[2022-04-06T16:54:14.756] [DEBUG] cheese - login => username:admin,password:123456
[2022-04-06T16:54:14.757] [DEBUG] cheese - admin
[2022-04-06T16:54:14.796] [DEBUG] cheese - null
[2022-04-06T16:54:14.796] [DEBUG] cheese - null
[2022-04-06T16:57:39.791] [DEBUG] cheese - login => username:admin,password:123456
[2022-04-06T16:57:39.791] [DEBUG] cheese - admin
[2022-04-06T16:57:39.794] [DEBUG] cheese - null
[2022-04-06T16:57:39.794] [DEBUG] cheese - null
[2022-04-06T16:58:50.304] [DEBUG] cheese - login => username:admin,password:123456
[2022-04-06T16:58:50.304] [DEBUG] cheese - admin
[2022-04-06T16:58:50.307] [DEBUG] cheese - null
[2022-04-06T16:58:50.307] [DEBUG] cheese - null
[2022-04-06T17:34:11.918] [DEBUG] cheese - login => username:admin,password:123456
[2022-04-06T17:34:11.919] [DEBUG] cheese - admin
[2022-04-06T17:34:11.922] [DEBUG] cheese - null
[2022-04-06T17:34:11.923] [DEBUG] cheese - null
[2022-04-06T20:29:27.767] [DEBUG] cheese - login => username:admin,password:123456
[2022-04-06T20:29:27.768] [DEBUG] cheese - admin
[2022-04-06T20:29:27.772] [DEBUG] cheese - null
[2022-04-06T20:29:27.773] [DEBUG] cheese - null
[2022-04-06T20:37:43.389] [DEBUG] cheese - login => username:admin,password:123456
[2022-04-06T20:37:43.390] [DEBUG] cheese - admin
[2022-04-06T20:37:43.391] [DEBUG] cheese - null
[2022-04-06T20:37:43.392] [DEBUG] cheese - null
[2022-04-07T00:28:49.840] [DEBUG] cheese - login => username:admin,password:123456
[2022-04-07T00:28:49.842] [DEBUG] cheese - admin
[2022-04-07T00:28:49.847] [DEBUG] cheese - null
[2022-04-07T00:28:49.848] [DEBUG] cheese - null
[2022-04-07T12:57:50.127] [DEBUG] cheese - login => username:admin,password:123456
[2022-04-07T12:57:50.128] [DEBUG] cheese - admin
[2022-04-07T12:57:50.138] [DEBUG] cheese - null
[2022-04-07T12:57:50.139] [DEBUG] cheese - null
[2022-04-07T17:49:57.017] [DEBUG] cheese - login => username:admin,password:123456
[2022-04-07T17:49:57.018] [DEBUG] cheese - admin
[2022-04-07T17:49:57.027] [DEBUG] cheese - null
[2022-04-07T17:49:57.028] [DEBUG] cheese - null
[2022-04-07T21:01:40.335] [DEBUG] cheese - null
[2022-04-08T14:43:43.235] [DEBUG] cheese - login => username:admin,password:123456
[2022-04-08T14:43:43.236] [DEBUG] cheese - admin
[2022-04-08T14:43:43.247] [DEBUG] cheese - null
[2022-04-08T14:43:43.247] [DEBUG] cheese - null
[2022-04-08T21:23:37.961] [DEBUG] cheese - login => username:admin,password:123456
[2022-04-08T21:23:37.962] [DEBUG] cheese - admin
[2022-04-08T21:23:37.967] [DEBUG] cheese - null
[2022-04-08T21:23:37.968] [DEBUG] cheese - null
[2022-04-08T21:24:51.072] [DEBUG] cheese - null
[2022-04-09T19:02:48.874] [DEBUG] cheese - login => username:admin,password:123456
[2022-04-09T19:02:48.875] [DEBUG] cheese - admin
[2022-04-09T19:02:48.889] [DEBUG] cheese - null
[2022-04-09T19:02:48.889] [DEBUG] cheese - null
[2022-04-09T22:59:10.970] [DEBUG] cheese - login => username:admin,password:123456
[2022-04-09T22:59:10.972] [DEBUG] cheese - admin
[2022-04-09T22:59:10.974] [DEBUG] cheese - null
[2022-04-09T22:59:10.975] [DEBUG] cheese - null
